<?xml version="1.0" encoding="UTF-8"?>
<testng-results ignored="0" total="2" passed="2" failed="0" skipped="0">
  <reporter-output>
    <line>
      <![CDATA[Browser Launched Succesfully]]>
    </line>
    <line>
      <![CDATA[Login Successful]]>
    </line>
    <line>
      <![CDATA[Thank you, your order has been submitted.]]>
    </line>
    <line>
      <![CDATA[Screenshot taken succesfully]]>
    </line>
    <line>
      <![CDATA[Log out Successful]]>
    </line>
    <line>
      <![CDATA[Login Successful]]>
    </line>
    <line>
      <![CDATA[Your cart is empty.]]>
    </line>
    <line>
      <![CDATA[Screenshot taken succesfully]]>
    </line>
    <line>
      <![CDATA[Log out Successful]]>
    </line>
    <line>
      <![CDATA[Browser Closed Succesfully]]>
    </line>
  </reporter-output>
  <suite started-at="2024-11-23T15:11:57 IST" name="Default suite" finished-at="2024-11-23T15:12:26 IST" duration-ms="29635">
    <groups>
    </groups>
    <test started-at="2024-11-23T15:11:57 IST" name="Default test" finished-at="2024-11-23T15:12:26 IST" duration-ms="29635">
      <class name="DogsProduct.VerifyDogsProductTest">
        <test-method is-config="true" signature="BrowserSetup()[pri:0, instance:DogsProduct.VerifyDogsProductTest@5a45133e]" started-at="2024-11-23T15:11:57 IST" name="BrowserSetup" finished-at="2024-11-23T15:12:05 IST" duration-ms="7931" status="PASS">
          <reporter-output>
            <line>
              <![CDATA[Browser Launched Succesfully]]>
            </line>
          </reporter-output>
        </test-method> <!-- BrowserSetup -->
        <test-method is-config="true" signature="login()[pri:0, instance:DogsProduct.VerifyDogsProductTest@5a45133e]" started-at="2024-11-23T15:12:05 IST" name="login" finished-at="2024-11-23T15:12:11 IST" duration-ms="6690" status="PASS">
          <reporter-output>
            <line>
              <![CDATA[Login Successful]]>
            </line>
          </reporter-output>
        </test-method> <!-- login -->
        <test-method signature="adddogsproduct()[pri:0, instance:DogsProduct.VerifyDogsProductTest@5a45133e]" started-at="2024-11-23T15:12:11 IST" name="adddogsproduct" finished-at="2024-11-23T15:12:15 IST" duration-ms="3862" status="PASS">
          <reporter-output>
            <line>
              <![CDATA[Thank you, your order has been submitted.]]>
            </line>
            <line>
              <![CDATA[Screenshot taken succesfully]]>
            </line>
          </reporter-output>
        </test-method> <!-- adddogsproduct -->
        <test-method is-config="true" signature="logout()[pri:0, instance:DogsProduct.VerifyDogsProductTest@5a45133e]" started-at="2024-11-23T15:12:15 IST" name="logout" finished-at="2024-11-23T15:12:16 IST" duration-ms="876" status="PASS">
          <reporter-output>
            <line>
              <![CDATA[Log out Successful]]>
            </line>
          </reporter-output>
        </test-method> <!-- logout -->
        <test-method is-config="true" signature="login()[pri:0, instance:DogsProduct.VerifyDogsProductTest@5a45133e]" started-at="2024-11-23T15:12:16 IST" name="login" finished-at="2024-11-23T15:12:22 IST" duration-ms="5632" status="PASS">
          <reporter-output>
            <line>
              <![CDATA[Login Successful]]>
            </line>
          </reporter-output>
        </test-method> <!-- login -->
        <test-method signature="removeBirdsProduct()[pri:0, instance:DogsProduct.VerifyDogsProductTest@5a45133e]" started-at="2024-11-23T15:12:22 IST" name="removeBirdsProduct" finished-at="2024-11-23T15:12:25 IST" duration-ms="3493" status="PASS">
          <reporter-output>
            <line>
              <![CDATA[Your cart is empty.]]>
            </line>
            <line>
              <![CDATA[Screenshot taken succesfully]]>
            </line>
          </reporter-output>
        </test-method> <!-- removeBirdsProduct -->
        <test-method is-config="true" signature="logout()[pri:0, instance:DogsProduct.VerifyDogsProductTest@5a45133e]" started-at="2024-11-23T15:12:25 IST" name="logout" finished-at="2024-11-23T15:12:26 IST" duration-ms="833" status="PASS">
          <reporter-output>
            <line>
              <![CDATA[Log out Successful]]>
            </line>
          </reporter-output>
        </test-method> <!-- logout -->
        <test-method is-config="true" signature="TerminateBrowser()[pri:0, instance:DogsProduct.VerifyDogsProductTest@5a45133e]" started-at="2024-11-23T15:12:26 IST" name="TerminateBrowser" finished-at="2024-11-23T15:12:26 IST" duration-ms="250" status="PASS">
          <reporter-output>
            <line>
              <![CDATA[Browser Closed Succesfully]]>
            </line>
          </reporter-output>
        </test-method> <!-- TerminateBrowser -->
      </class> <!-- DogsProduct.VerifyDogsProductTest -->
    </test> <!-- Default test -->
  </suite> <!-- Default suite -->
</testng-results>
