<?xml version="1.0" encoding="UTF-8"?>
<!-- Generated by org.testng.reporters.JUnitXMLReporter -->
<testsuite ignored="1" hostname="Playarr9722" failures="0" tests="1" name="Default test" time="19.153" errors="0" timestamp="2024-11-30T12:44:49 IST">
  <testcase classname="com.Ecommerce.InstaSnap.ProductTest.VerifyRegisterTest" name="Register" time="19.038"/>
  <testcase classname="com.Ecommerce.InstaSnap.ProductTest.VerifyRegisterTest" name="demoRegisterTest" time="0.0">
    <ignored/>
  </testcase> <!-- demoRegisterTest -->
</testsuite> <!-- Default test -->
