<?xml version="1.0" encoding="UTF-8"?>
<!-- Generated by org.testng.reporters.JUnitXMLReporter -->
<testsuite ignored="2" hostname="Harry" failures="0" tests="0" time="0.018" errors="0" timestamp="2024-11-29T11:35:56 IST">
  <testcase classname="BirdsProduct.verifyBirdsProductTest" name="addBirdsProduct" time="0.0">
    <ignored/>
  </testcase> <!-- addBirdsProduct -->
  <testcase classname="BirdsProduct.verifyBirdsProductTest" name="removeBirdsProduct" time="0.0">
    <ignored/>
  </testcase> <!-- removeBirdsProduct -->
</testsuite>
