<?xml version="1.0" encoding="UTF-8"?>
<!-- Generated by org.testng.reporters.JUnitXMLReporter -->
<testsuite ignored="5" hostname="Harry" failures="0" tests="5" name="Test" time="27.777" errors="0" timestamp="2024-11-19T15:52:45 IST">
  <testcase classname="Demo.DemoTest1" name="m10" time="0.006"/>
  <testcase classname="Demo.DemoTest1" name="m2" time="0.007"/>
  <testcase classname="Demo.DemoTest1" name="m4" time="0.003"/>
  <testcase classname="Demo.DemoTest1" name="m6" time="0.002"/>
  <testcase classname="Demo.DemoTest1" name="m8" time="0.004"/>
  <testcase classname="Demo.DemoTest1" name="m7" time="0.0">
    <ignored/>
  </testcase> <!-- m7 -->
  <testcase classname="Demo.DemoTest1" name="m5" time="0.0">
    <ignored/>
  </testcase> <!-- m5 -->
  <testcase classname="Demo.DemoTest1" name="m3" time="0.0">
    <ignored/>
  </testcase> <!-- m3 -->
  <testcase classname="Demo.DemoTest1" name="m1" time="0.0">
    <ignored/>
  </testcase> <!-- m1 -->
  <testcase classname="Demo.DemoTest1" name="m9" time="0.0">
    <ignored/>
  </testcase> <!-- m9 -->
</testsuite> <!-- Test -->
